2022-04-16 10:40:07,727 INFO client.py Запущен клиент с парамертами: адрес сервера: 127.0.0.1 , порт: 7777, имя пользователя: user
2022-04-16 10:40:07,866 INFO transport.py Попытка подключения №1
2022-04-16 10:40:07,866 DEBUG transport.py Установлено соединение с сервером
2022-04-16 10:40:07,866 DEBUG transport.py Сформировано presence сообщение для пользователя user
2022-04-16 10:40:08,683 DEBUG transport.py Разбор сообщения от сервера: {'response': 200}
2022-04-16 10:40:08,683 INFO transport.py Соединение с сервером успешно установлено.
2022-04-16 10:40:08,683 DEBUG transport.py Запрос списка известных пользователей user
2022-04-16 10:40:09,266 DEBUG transport.py Запрос контакт листа для пользователя Thread-1
2022-04-16 10:40:09,266 DEBUG transport.py Сформирован запрос {'action': 'get_contacts', 'time': 1650094809.2662468, 'user': 'user'}
2022-04-16 10:40:09,688 DEBUG transport.py Получен ответ {'response': 202, 'data_list': []}
2022-04-16 10:40:09,689 DEBUG transport.py Запущен процесс - приёмник сообщений с сервера.
2022-04-16 10:40:31,225 DEBUG transport.py Запрос списка известных пользователей user
2022-04-16 10:40:31,603 DEBUG add_contact.py Обновление списка пользователей с сервера выполнено
2022-04-16 10:40:34,292 DEBUG transport.py Создание контакта 1111
2022-04-16 10:40:34,677 DEBUG transport.py Разбор сообщения от сервера: {'response': 200}
2022-04-16 10:40:34,788 INFO main_window.py Успешно добавлен контакт <PyQt5.QtGui.QStandardItem object at 0x000001AF3F39F670>
2022-04-16 10:40:44,917 DEBUG transport.py Сформирован словарь сообщения: {'action': 'message', 'from': 'user', 'to': '1111', 'time': 1650094844.9170203, 'mess_text': 'sadfasdfasdfasd'}
2022-04-16 10:40:45,342 DEBUG transport.py Разбор сообщения от сервера: {'response': 400, 'error': 'Пользователь не зарегистрирован на сервере.'}
2022-04-16 10:41:11,132 DEBUG transport.py Создание контакта client_2
2022-04-16 10:41:11,368 DEBUG transport.py Разбор сообщения от сервера: {'response': 200}
2022-04-16 10:41:11,513 INFO main_window.py Успешно добавлен контакт <PyQt5.QtGui.QStandardItem object at 0x000001AF3F3F4CA0>
2022-04-16 10:41:18,704 DEBUG transport.py Сформирован словарь сообщения: {'action': 'message', 'from': 'user', 'to': 'client_2', 'time': 1650094878.704811, 'mess_text': 'gfghjhjh'}
2022-04-16 10:41:18,983 DEBUG transport.py Разбор сообщения от сервера: {'response': 400, 'error': 'Пользователь не зарегистрирован на сервере.'}
2022-04-16 10:41:38,678 CRITICAL transport.py Потеряно соединение с сервером.
2022-04-16 10:41:42,431 DEBUG transport.py Транспорт завершает работу.
2022-04-16 10:41:55,812 INFO transport.py Попытка подключения №1
2022-04-16 10:41:55,813 DEBUG transport.py Установлено соединение с сервером
2022-04-16 10:41:55,813 DEBUG transport.py Сформировано presence сообщение для пользователя test1
2022-04-16 10:41:56,589 DEBUG transport.py Разбор сообщения от сервера: {'response': 200}
2022-04-16 10:41:56,589 INFO transport.py Соединение с сервером успешно установлено.
2022-04-16 10:41:56,589 DEBUG transport.py Запрос списка известных пользователей test1
2022-04-16 10:41:57,211 DEBUG transport.py Запрос контакт листа для пользователя Thread-1
2022-04-16 10:41:57,212 DEBUG transport.py Сформирован запрос {'action': 'get_contacts', 'time': 1650094917.212503, 'user': 'test1'}
2022-04-16 10:41:57,618 DEBUG transport.py Получен ответ {'response': 202, 'data_list': []}
2022-04-16 10:42:07,096 DEBUG transport.py Создание контакта client_2
2022-04-16 10:42:07,396 DEBUG transport.py Разбор сообщения от сервера: {'response': 200}
2022-04-16 10:42:07,512 INFO main_window.py Успешно добавлен контакт <PyQt5.QtGui.QStandardItem object at 0x00000268C02AA430>
2022-04-16 10:42:46,164 INFO client.py Запущен клиент с парамертами: адрес сервера: 127.0.0.1 , порт: 7777, имя пользователя: 121212
2022-04-16 10:42:46,617 INFO transport.py Попытка подключения №1
2022-04-16 10:42:46,618 DEBUG transport.py Установлено соединение с сервером
2022-04-16 10:42:46,618 DEBUG transport.py Сформировано presence сообщение для пользователя 121212
2022-04-16 10:42:47,338 DEBUG transport.py Разбор сообщения от сервера: {'response': 200}
2022-04-16 10:42:47,338 INFO transport.py Соединение с сервером успешно установлено.
2022-04-16 10:42:47,338 DEBUG transport.py Запрос списка известных пользователей 121212
2022-04-16 10:42:47,932 DEBUG transport.py Запрос контакт листа для пользователя Thread-1
2022-04-16 10:42:47,932 DEBUG transport.py Сформирован запрос {'action': 'get_contacts', 'time': 1650094967.9324071, 'user': '121212'}
2022-04-16 10:42:48,349 DEBUG transport.py Получен ответ {'response': 202, 'data_list': []}
2022-04-16 10:42:48,350 DEBUG transport.py Запущен процесс - приёмник сообщений с сервера.
2022-04-16 10:43:54,194 INFO client.py Запущен клиент с парамертами: адрес сервера: 127.0.0.1 , порт: 7777, имя пользователя: test1
2022-04-16 10:43:54,207 INFO client.py Запущен клиент с парамертами: адрес сервера: 127.0.0.1 , порт: 7777, имя пользователя: test2
2022-04-16 10:43:54,343 INFO transport.py Попытка подключения №1
2022-04-16 10:43:54,346 DEBUG transport.py Установлено соединение с сервером
2022-04-16 10:43:54,346 DEBUG transport.py Сформировано presence сообщение для пользователя test1
2022-04-16 10:43:54,425 INFO transport.py Попытка подключения №1
2022-04-16 10:43:54,426 DEBUG transport.py Установлено соединение с сервером
2022-04-16 10:43:54,426 DEBUG transport.py Сформировано presence сообщение для пользователя test2
2022-04-16 10:43:59,357 CRITICAL transport.py Потеряно соединение с сервером!
2022-04-16 10:43:59,435 CRITICAL transport.py Потеряно соединение с сервером!
2022-04-16 10:44:35,859 INFO client.py Запущен клиент с парамертами: адрес сервера: 127.0.0.1 , порт: 7777, имя пользователя: test1
2022-04-16 10:44:35,994 INFO transport.py Попытка подключения №1
2022-04-16 10:44:35,996 DEBUG transport.py Установлено соединение с сервером
2022-04-16 10:44:35,997 DEBUG transport.py Сформировано presence сообщение для пользователя test1
2022-04-16 10:44:41,012 CRITICAL transport.py Потеряно соединение с сервером!
2022-04-16 10:45:02,306 INFO transport.py Попытка подключения №1
2022-04-16 10:45:02,308 DEBUG transport.py Установлено соединение с сервером
2022-04-16 10:45:02,308 DEBUG transport.py Сформировано presence сообщение для пользователя test1
2022-04-16 10:45:07,310 CRITICAL transport.py Потеряно соединение с сервером!
2022-04-16 10:58:23,985 INFO client.py Запущен клиент с парамертами: адрес сервера: 127.0.0.1 , порт: 7777, имя пользователя: test1
2022-04-16 10:58:23,989 INFO client.py Запущен клиент с парамертами: адрес сервера: 127.0.0.1 , порт: 7777, имя пользователя: test2
2022-04-16 10:58:24,155 INFO transport.py Попытка подключения №1
2022-04-16 10:58:24,191 INFO transport.py Попытка подключения №1
2022-04-16 10:58:27,216 INFO transport.py Попытка подключения №2
2022-04-16 10:58:27,231 INFO transport.py Попытка подключения №2
2022-04-16 10:58:30,278 INFO transport.py Попытка подключения №3
2022-04-16 10:58:30,293 INFO transport.py Попытка подключения №3
2022-04-16 10:58:33,323 INFO transport.py Попытка подключения №4
2022-04-16 10:58:33,339 INFO transport.py Попытка подключения №4
2022-04-16 10:58:36,357 INFO transport.py Попытка подключения №5
2022-04-16 10:58:36,372 INFO transport.py Попытка подключения №5
2022-04-16 10:58:39,406 CRITICAL transport.py Не удалось установить соединение с сервером
2022-04-16 10:58:39,421 CRITICAL transport.py Не удалось установить соединение с сервером
2022-04-16 10:58:49,875 INFO client.py Запущен клиент с парамертами: адрес сервера: 127.0.0.1 , порт: 7777, имя пользователя: test2
2022-04-16 10:58:49,876 INFO client.py Запущен клиент с парамертами: адрес сервера: 127.0.0.1 , порт: 7777, имя пользователя: test1
2022-04-16 10:58:49,880 INFO client.py Запущен клиент с парамертами: адрес сервера: 127.0.0.1 , порт: 7777, имя пользователя: test3
2022-04-16 10:58:50,122 INFO transport.py Попытка подключения №1
2022-04-16 10:58:50,144 INFO transport.py Попытка подключения №1
2022-04-16 10:58:50,478 INFO transport.py Попытка подключения №1
2022-04-16 10:58:53,170 INFO transport.py Попытка подключения №2
2022-04-16 10:58:53,185 INFO transport.py Попытка подключения №2
2022-04-16 10:58:53,513 INFO transport.py Попытка подключения №2
2022-04-16 10:58:56,226 INFO transport.py Попытка подключения №3
2022-04-16 10:58:56,258 INFO transport.py Попытка подключения №3
2022-04-16 10:58:56,575 INFO transport.py Попытка подключения №3
2022-04-16 10:58:59,279 INFO transport.py Попытка подключения №4
2022-04-16 10:58:59,295 INFO transport.py Попытка подключения №4
2022-04-16 10:58:59,607 INFO transport.py Попытка подключения №4
2022-04-16 10:59:02,325 INFO transport.py Попытка подключения №5
2022-04-16 10:59:02,341 INFO transport.py Попытка подключения №5
2022-04-16 10:59:02,669 INFO transport.py Попытка подключения №5
2022-04-16 10:59:05,373 CRITICAL transport.py Не удалось установить соединение с сервером
2022-04-16 10:59:05,389 CRITICAL transport.py Не удалось установить соединение с сервером
2022-04-16 10:59:05,715 CRITICAL transport.py Не удалось установить соединение с сервером
2022-04-16 11:00:59,836 INFO client.py Запущен клиент с парамертами: адрес сервера: 127.0.0.1 , порт: 7777, имя пользователя: test2
2022-04-16 11:00:59,838 INFO client.py Запущен клиент с парамертами: адрес сервера: 127.0.0.1 , порт: 7777, имя пользователя: test1
2022-04-16 11:01:00,054 INFO transport.py Попытка подключения №1
2022-04-16 11:01:00,055 DEBUG transport.py Установлено соединение с сервером
2022-04-16 11:01:00,055 DEBUG transport.py Сформировано presence сообщение для пользователя test2
2022-04-16 11:01:00,074 INFO transport.py Попытка подключения №1
2022-04-16 11:01:00,075 DEBUG transport.py Установлено соединение с сервером
2022-04-16 11:01:00,075 DEBUG transport.py Сформировано presence сообщение для пользователя test1
2022-04-16 11:01:00,552 DEBUG transport.py Разбор сообщения от сервера: {'response': 200}
2022-04-16 11:01:00,553 INFO transport.py Соединение с сервером успешно установлено.
2022-04-16 11:01:00,553 DEBUG transport.py Запрос списка известных пользователей test2
2022-04-16 11:01:00,694 DEBUG transport.py Разбор сообщения от сервера: {'response': 200}
2022-04-16 11:01:00,694 INFO transport.py Соединение с сервером успешно установлено.
2022-04-16 11:01:00,695 DEBUG transport.py Запрос списка известных пользователей test1
2022-04-16 11:01:01,384 DEBUG transport.py Запрос контакт листа для пользователя Thread-1
2022-04-16 11:01:01,384 DEBUG transport.py Сформирован запрос {'action': 'get_contacts', 'time': 1650096061.3847508, 'user': 'test2'}
2022-04-16 11:01:01,409 DEBUG transport.py Запрос контакт листа для пользователя Thread-1
2022-04-16 11:01:01,410 DEBUG transport.py Сформирован запрос {'action': 'get_contacts', 'time': 1650096061.4106815, 'user': 'test1'}
2022-04-16 11:01:01,758 DEBUG transport.py Получен ответ {'response': 202, 'data_list': []}
2022-04-16 11:01:01,759 DEBUG transport.py Запущен процесс - приёмник сообщений с сервера.
2022-04-16 11:01:01,764 DEBUG transport.py Получен ответ {'response': 202, 'data_list': ['client_2']}
2022-04-16 11:01:01,909 DEBUG transport.py Запущен процесс - приёмник сообщений с сервера.
2022-04-16 11:01:32,017 DEBUG transport.py Создание контакта test1
2022-04-16 11:01:32,402 DEBUG transport.py Разбор сообщения от сервера: {'response': 200}
2022-04-16 11:01:32,505 INFO main_window.py Успешно добавлен контакт <PyQt5.QtGui.QStandardItem object at 0x00000180F21F4B80>
2022-04-16 11:01:42,811 DEBUG transport.py Сформирован словарь сообщения: {'action': 'message', 'from': 'test2', 'to': 'test1', 'time': 1650096102.811021, 'mess_text': 'ghbdtnZfASDasd'}
2022-04-16 11:01:43,177 DEBUG transport.py Разбор сообщения от сервера: {'response': 200}
2022-04-16 11:01:43,177 INFO transport.py Отправлено сообщение для пользователя test1
2022-04-16 11:01:43,271 DEBUG main_window.py Отправлено сообщение для test1: ghbdtnZfASDasd
2022-04-16 11:01:43,856 DEBUG transport.py Принято сообщение с сервера: {'action': 'message', 'from': 'test2', 'to': 'test1', 'time': 1650096102.811021, 'mess_text': 'ghbdtnZfASDasd'}
2022-04-16 11:01:43,857 DEBUG transport.py Разбор сообщения от сервера: {'action': 'message', 'from': 'test2', 'to': 'test1', 'time': 1650096102.811021, 'mess_text': 'ghbdtnZfASDasd'}
2022-04-16 11:01:43,857 DEBUG transport.py Получено сообщение от пользователя test2:ghbdtnZfASDasd
2022-04-16 11:01:46,769 DEBUG transport.py Создание контакта test2
2022-04-16 11:01:47,350 DEBUG transport.py Разбор сообщения от сервера: {'response': 200}
2022-04-16 11:01:47,443 INFO main_window.py Успешно добавлен контакт <PyQt5.QtGui.QStandardItem object at 0x0000021EFAA9AB80>
2022-04-16 11:01:52,900 DEBUG transport.py Сформирован словарь сообщения: {'action': 'message', 'from': 'test1', 'to': 'test2', 'time': 1650096112.9006317, 'mess_text': 'sdfsadfasdhshfds'}
2022-04-16 11:01:53,593 DEBUG transport.py Разбор сообщения от сервера: {'response': 200}
2022-04-16 11:01:53,593 INFO transport.py Отправлено сообщение для пользователя test2
2022-04-16 11:01:53,709 DEBUG main_window.py Отправлено сообщение для test2: sdfsadfasdhshfds
2022-04-16 11:01:54,199 DEBUG transport.py Принято сообщение с сервера: {'action': 'message', 'from': 'test1', 'to': 'test2', 'time': 1650096112.9006317, 'mess_text': 'sdfsadfasdhshfds'}
2022-04-16 11:01:54,199 DEBUG transport.py Разбор сообщения от сервера: {'action': 'message', 'from': 'test1', 'to': 'test2', 'time': 1650096112.9006317, 'mess_text': 'sdfsadfasdhshfds'}
2022-04-16 11:01:54,200 DEBUG transport.py Получено сообщение от пользователя test1:sdfsadfasdhshfds
2022-04-16 11:01:56,060 DEBUG transport.py Транспорт завершает работу.
2022-04-16 11:01:56,827 DEBUG transport.py Транспорт завершает работу.
